<?xml version="1.0" encoding="UTF-8"?>
<!-- Generated by org.testng.reporters.JUnitReportReporter -->
<testsuite hostname="DESKTOP-0TDM6EN" failures="0" tests="1" name="TestNG.Demo" time="0.015" errors="0" timestamp="2022-11-12T19:55:52 IST" skipped="0">
  <testcase classname="TestNG.Demo" name="DemoMethod" time="0.015"/>
  <system-out>
    <![CDATA[ demo method]]>
  </system-out>
</testsuite> <!-- TestNG.Demo -->
